Content-Type: multipart/alternative;
 boundary="===============4271904801953162865=="
MIME-Version: 1.0
Subject: Profile activation
From: test@example.com
To: email@gmail.com
Date: Mon, 23 Jan 2023 09:01:00 -0000
Message-ID: <167446446099.21722.7512940908287654415@r0zh-laptop>

--===============4271904801953162865==
Content-Type: text/plain; charset="utf-8"
MIME-Version: 1.0
Content-Transfer-Encoding: 7bit



To activate your profile, please follow this link:

http://127.0.0.1:8000/accounts/activate/BQulHzGavtsQv5C7s1CQ/

--===============4271904801953162865==
Content-Type: text/html; charset="utf-8"
MIME-Version: 1.0
Content-Transfer-Encoding: 7bit



<!DOCTYPE html PUBLIC "-//W3C//DTD XHTML 1.0 Transitional//EN"
        "http://www.w3.org/TR/xhtml1/DTD/xhtml1-transitional.dtd">
<html xmlns="http://www.w3.org/1999/xhtml">
<head>
    <meta http-equiv="Content-Type" content="text/html; charset=UTF-8"/>
    <title>Profile activation</title>
    <meta name="viewport" content="width=device-width, initial-scale=1.0"/>
</head>

<body>

<p>
    To activate your profile, please follow this link:
</p>

<p>
    <a href="http://127.0.0.1:8000/accounts/activate/BQulHzGavtsQv5C7s1CQ/">http://127.0.0.1:8000/accounts/activate/BQulHzGavtsQv5C7s1CQ/</a>
</p>

</body>

</html>

--===============4271904801953162865==--

-------------------------------------------------------------------------------
